2021-09-10 18:26:28,141 - root - INFO - test start1
2021-09-10 18:26:28,141 - root - INFO - 性别:M
2021-09-10 18:26:28,142 - root - INFO - 年龄：0
2021-09-10 18:26:28,144 - root - INFO - *****************************************************
2021-09-10 18:26:28,145 - root - INFO - ********* 保障期限：30 **********
2021-09-10 18:26:28,904 - root - INFO - 该条用例通过
2021-09-10 18:26:29,104 - root - INFO - 该条用例通过
2021-09-10 18:26:29,275 - root - INFO - 该条用例通过
2021-09-10 18:26:29,510 - root - INFO - 该条用例通过
2021-09-10 18:26:29,700 - root - INFO - 该条用例通过
2021-09-10 18:26:29,881 - root - INFO - 该条用例通过
2021-09-10 18:26:30,125 - root - INFO - 该条用例通过
2021-09-10 18:26:30,295 - root - INFO - 该条用例通过
2021-09-10 18:26:30,461 - root - INFO - 该条用例通过
2021-09-10 18:26:30,671 - root - INFO - 该条用例通过
2021-09-10 18:26:30,862 - root - INFO - 该条用例通过
2021-09-10 18:26:31,055 - root - INFO - 该条用例通过
2021-09-10 18:26:31,334 - root - INFO - 该条用例通过
2021-09-10 18:26:31,523 - root - INFO - 该条用例通过
2021-09-10 18:26:31,707 - root - INFO - 该条用例通过
2021-09-10 18:26:31,898 - root - INFO - 该条用例通过
2021-09-10 18:26:32,105 - root - INFO - 该条用例通过
2021-09-10 18:26:32,312 - root - INFO - 该条用例通过
2021-09-10 18:26:32,502 - root - INFO - 该条用例通过
2021-09-10 18:26:32,676 - root - INFO - 该条用例通过
2021-09-10 18:26:32,881 - root - INFO - 该条用例通过
2021-09-10 18:26:33,084 - root - INFO - 该条用例通过
2021-09-10 18:26:33,278 - root - INFO - 该条用例通过
2021-09-10 18:26:33,483 - root - INFO - 该条用例通过
2021-09-10 18:26:33,661 - root - INFO - 该条用例通过
2021-09-10 18:26:33,825 - root - INFO - 该条用例通过
2021-09-10 18:26:33,993 - root - INFO - 该条用例通过
2021-09-10 18:26:34,210 - root - INFO - 该条用例通过
2021-09-10 18:26:34,424 - root - INFO - 该条用例通过
2021-09-10 18:26:34,700 - root - INFO - 该条用例通过
2021-09-10 18:26:34,911 - root - INFO - 该条用例通过
2021-09-10 18:26:35,088 - root - INFO - 该条用例通过
2021-09-10 18:26:35,263 - root - INFO - 该条用例通过
2021-09-10 18:26:35,483 - root - INFO - 该条用例通过
2021-09-10 18:26:35,684 - root - INFO - 该条用例通过
2021-09-10 18:26:35,905 - root - INFO - 该条用例通过
2021-09-10 18:26:36,145 - root - INFO - 该条用例通过
2021-09-10 18:26:36,377 - root - INFO - 该条用例通过
2021-09-10 18:26:36,566 - root - INFO - 该条用例通过
2021-09-10 18:26:36,795 - root - INFO - 该条用例通过
2021-09-10 18:26:37,032 - root - INFO - 该条用例通过
2021-09-10 18:26:37,244 - root - INFO - 该条用例通过
2021-09-10 18:26:37,421 - root - INFO - 该条用例通过
2021-09-10 18:26:37,601 - root - INFO - 该条用例通过
2021-09-10 18:26:37,796 - root - INFO - 该条用例通过
2021-09-10 18:26:38,066 - root - INFO - 该条用例通过
2021-09-10 18:26:38,303 - root - INFO - 该条用例通过
2021-09-10 18:26:38,506 - root - INFO - 该条用例通过
2021-09-10 18:26:38,693 - root - INFO - 该条用例通过
2021-09-10 18:26:38,908 - root - INFO - 该条用例通过
2021-09-10 18:26:39,098 - root - INFO - 该条用例通过
2021-09-10 18:26:39,322 - root - INFO - 该条用例通过
2021-09-10 18:26:39,569 - root - INFO - 该条用例通过
2021-09-10 18:26:39,811 - root - INFO - 该条用例通过
2021-09-10 18:26:40,022 - root - INFO - 该条用例通过
2021-09-10 18:26:40,236 - root - INFO - 该条用例通过
2021-09-10 18:26:40,895 - root - INFO - 该条用例通过
2021-09-10 18:26:41,183 - root - INFO - 该条用例通过
2021-09-10 18:26:41,417 - root - INFO - 该条用例通过
2021-09-10 18:26:41,681 - root - INFO - 该条用例通过
2021-09-10 18:26:41,878 - root - INFO - 该条用例通过
2021-09-10 18:26:42,111 - root - INFO - 该条用例通过
2021-09-10 18:26:42,325 - root - INFO - 该条用例通过
2021-09-10 18:26:42,548 - root - INFO - 该条用例通过
2021-09-10 18:26:42,894 - root - INFO - 该条用例通过
2021-09-10 18:26:43,226 - root - INFO - 该条用例通过
2021-09-10 18:26:43,459 - root - INFO - 该条用例通过
2021-09-10 18:26:43,671 - root - INFO - 该条用例通过
2021-09-10 18:26:43,911 - root - INFO - 该条用例通过
2021-09-10 18:26:44,193 - root - INFO - 该条用例通过
2021-09-10 18:26:44,500 - root - INFO - 该条用例通过
2021-09-10 18:26:44,782 - root - INFO - 该条用例通过
2021-09-10 18:26:44,992 - root - INFO - 该条用例通过
2021-09-10 18:26:45,217 - root - INFO - 该条用例通过
2021-09-10 18:26:45,428 - root - INFO - 该条用例通过
2021-09-10 18:26:45,717 - root - INFO - 该条用例通过
2021-09-10 18:26:45,989 - root - INFO - 该条用例通过
2021-09-10 18:26:46,367 - root - INFO - 该条用例通过
2021-09-10 18:26:46,582 - root - INFO - 该条用例通过
2021-09-10 18:26:46,938 - root - INFO - 该条用例通过
2021-09-10 18:26:47,170 - root - INFO - 该条用例通过
2021-09-10 18:26:47,450 - root - INFO - 该条用例通过
2021-09-10 18:26:47,792 - root - INFO - 该条用例通过
2021-09-10 18:26:48,039 - root - INFO - 该条用例通过
2021-09-10 18:26:48,221 - root - INFO - 该条用例通过
2021-09-10 18:26:48,418 - root - INFO - 该条用例通过
2021-09-10 18:26:48,622 - root - INFO - 该条用例通过
2021-09-10 18:26:48,897 - root - INFO - 该条用例通过
2021-09-10 18:26:49,170 - root - INFO - 该条用例通过
2021-09-10 18:26:49,453 - root - INFO - 该条用例通过
2021-09-10 18:26:49,671 - root - INFO - 该条用例通过
2021-09-10 18:26:49,857 - root - INFO - 该条用例通过
2021-09-10 18:26:50,059 - root - INFO - 该条用例通过
2021-09-10 18:26:50,266 - root - INFO - 该条用例通过
2021-09-10 18:26:50,471 - root - INFO - 该条用例通过
2021-09-10 18:26:50,674 - root - INFO - 该条用例通过
2021-09-10 18:26:50,842 - root - INFO - 该条用例通过
2021-09-10 18:26:51,017 - root - INFO - 该条用例通过
2021-09-10 18:26:51,191 - root - INFO - 该条用例通过
2021-09-10 18:26:51,388 - root - INFO - 该条用例通过
2021-09-10 18:26:51,602 - root - INFO - 该条用例通过
2021-09-10 18:26:51,796 - root - INFO - 该条用例通过
2021-09-10 18:26:51,996 - root - INFO - 该条用例通过
2021-09-10 18:26:52,187 - root - INFO - 该条用例通过
2021-09-10 18:26:52,381 - root - INFO - 该条用例通过
2021-09-10 18:26:52,598 - root - INFO - 该条用例通过
2021-09-10 18:26:52,825 - root - INFO - 该条用例通过
2021-09-10 18:26:53,040 - root - INFO - 该条用例通过
2021-09-10 18:26:53,042 - root - INFO - ********* 保障期限：70 **********
2021-09-10 18:26:53,213 - root - INFO - 该条用例通过
2021-09-10 18:26:53,400 - root - INFO - 该条用例通过
2021-09-10 18:26:53,559 - root - INFO - 该条用例通过
2021-09-10 18:26:53,776 - root - INFO - 该条用例通过
2021-09-10 18:26:53,957 - root - INFO - 该条用例通过
2021-09-10 18:26:54,140 - root - INFO - 该条用例通过
2021-09-10 18:26:54,421 - root - INFO - 该条用例通过
2021-09-10 18:26:54,635 - root - INFO - 该条用例通过
2021-09-10 18:26:54,799 - root - INFO - 该条用例通过
2021-09-10 18:26:55,072 - root - INFO - 该条用例通过
2021-09-10 18:26:55,259 - root - INFO - 该条用例通过
2021-09-10 18:26:55,473 - root - INFO - 该条用例通过
2021-09-10 18:26:55,736 - root - INFO - 该条用例通过
2021-09-10 18:26:55,923 - root - INFO - 该条用例通过
2021-09-10 18:26:56,102 - root - INFO - 该条用例通过
2021-09-10 18:26:56,315 - root - INFO - 该条用例通过
2021-09-10 18:26:56,523 - root - INFO - 该条用例通过
2021-09-10 18:26:56,727 - root - INFO - 该条用例通过
2021-09-10 18:26:56,936 - root - INFO - 该条用例通过
2021-09-10 18:26:57,101 - root - INFO - 该条用例通过
2021-09-10 18:26:57,285 - root - INFO - 该条用例通过
2021-09-10 18:26:57,486 - root - INFO - 该条用例通过
2021-09-10 18:26:57,701 - root - INFO - 该条用例通过
2021-09-10 18:26:57,914 - root - INFO - 该条用例通过
2021-09-10 18:26:58,111 - root - INFO - 该条用例通过
2021-09-10 18:26:58,302 - root - INFO - 该条用例通过
2021-09-10 18:26:58,469 - root - INFO - 该条用例通过
2021-09-10 18:26:58,714 - root - INFO - 该条用例通过
2021-09-10 18:26:58,973 - root - INFO - 该条用例通过
2021-09-10 18:26:59,312 - root - INFO - 该条用例通过
2021-09-10 18:26:59,520 - root - INFO - 该条用例通过
2021-09-10 18:26:59,732 - root - INFO - 该条用例通过
2021-09-10 18:26:59,937 - root - INFO - 该条用例通过
2021-09-10 18:27:00,187 - root - INFO - 该条用例通过
2021-09-10 18:27:00,454 - root - INFO - 该条用例通过
2021-09-10 18:27:00,694 - root - INFO - 该条用例通过
2021-09-10 18:27:00,901 - root - INFO - 该条用例通过
2021-09-10 18:27:01,105 - root - INFO - 该条用例通过
2021-09-10 18:27:01,365 - root - INFO - 该条用例通过
2021-09-10 18:27:01,595 - root - INFO - 该条用例通过
2021-09-10 18:27:01,836 - root - INFO - 该条用例通过
2021-09-10 18:27:02,099 - root - INFO - 该条用例通过
2021-09-10 18:27:02,308 - root - INFO - 该条用例通过
2021-09-10 18:27:02,503 - root - INFO - 该条用例通过
2021-09-10 18:27:02,688 - root - INFO - 该条用例通过
2021-09-10 18:27:02,880 - root - INFO - 该条用例通过
2021-09-10 18:27:03,086 - root - INFO - 该条用例通过
2021-09-10 18:27:03,323 - root - INFO - 该条用例通过
2021-09-10 18:27:03,497 - root - INFO - 该条用例通过
2021-09-10 18:27:03,667 - root - INFO - 该条用例通过
2021-09-10 18:27:03,851 - root - INFO - 该条用例通过
2021-09-10 18:27:04,030 - root - INFO - 该条用例通过
2021-09-10 18:27:04,213 - root - INFO - 该条用例通过
2021-09-10 18:27:04,436 - root - INFO - 该条用例通过
2021-09-10 18:27:04,618 - root - INFO - 该条用例通过
2021-09-10 18:27:04,811 - root - INFO - 该条用例通过
2021-09-10 18:27:04,986 - root - INFO - 该条用例通过
2021-09-10 18:27:05,198 - root - INFO - 该条用例通过
2021-09-10 18:27:05,382 - root - INFO - 该条用例通过
2021-09-10 18:27:05,565 - root - INFO - 该条用例通过
2021-09-10 18:27:05,759 - root - INFO - 该条用例通过
2021-09-10 18:27:05,960 - root - INFO - 该条用例通过
2021-09-10 18:27:06,148 - root - INFO - 该条用例通过
2021-09-10 18:27:06,381 - root - INFO - 该条用例通过
2021-09-10 18:27:06,568 - root - INFO - 该条用例通过
2021-09-10 18:27:06,778 - root - INFO - 该条用例通过
2021-09-10 18:27:06,956 - root - INFO - 该条用例通过
2021-09-10 18:27:07,160 - root - INFO - 该条用例通过
2021-09-10 18:27:07,384 - root - INFO - 该条用例通过
2021-09-10 18:27:07,673 - root - INFO - 该条用例通过
2021-09-10 18:27:07,917 - root - INFO - 该条用例通过
2021-09-10 18:27:08,121 - root - INFO - 该条用例通过
2021-09-10 18:27:08,293 - root - INFO - 该条用例通过
2021-09-10 18:27:08,525 - root - INFO - 该条用例通过
2021-09-10 18:27:08,710 - root - INFO - 该条用例通过
2021-09-10 18:27:08,904 - root - INFO - 该条用例通过
2021-09-10 18:27:09,141 - root - INFO - 该条用例通过
2021-09-10 18:27:09,382 - root - INFO - 该条用例通过
2021-09-10 18:27:09,562 - root - INFO - 该条用例通过
2021-09-10 18:27:09,746 - root - INFO - 该条用例通过
2021-09-10 18:27:09,933 - root - INFO - 该条用例通过
2021-09-10 18:27:10,145 - root - INFO - 该条用例通过
2021-09-10 18:27:10,404 - root - INFO - 该条用例通过
2021-09-10 18:27:10,638 - root - INFO - 该条用例通过
2021-09-10 18:27:10,832 - root - INFO - 该条用例通过
2021-09-10 18:27:11,013 - root - INFO - 该条用例通过
2021-09-10 18:27:11,194 - root - INFO - 该条用例通过
2021-09-10 18:27:11,446 - root - INFO - 该条用例通过
2021-09-10 18:27:11,640 - root - INFO - 该条用例通过
2021-09-10 18:27:11,854 - root - INFO - 该条用例通过
2021-09-10 18:27:12,063 - root - INFO - 该条用例通过
2021-09-10 18:27:12,236 - root - INFO - 该条用例通过
2021-09-10 18:27:12,459 - root - INFO - 该条用例通过
2021-09-10 18:27:12,707 - root - INFO - 该条用例通过
2021-09-10 18:27:12,953 - root - INFO - 该条用例通过
2021-09-10 18:27:13,184 - root - INFO - 该条用例通过
2021-09-10 18:27:13,369 - root - INFO - 该条用例通过
2021-09-10 18:27:13,546 - root - INFO - 该条用例通过
2021-09-10 18:27:13,723 - root - INFO - 该条用例通过
2021-09-10 18:27:13,948 - root - INFO - 该条用例通过
2021-09-10 18:27:14,171 - root - INFO - 该条用例通过
2021-09-10 18:27:14,381 - root - INFO - 该条用例通过
2021-09-10 18:27:14,654 - root - INFO - 该条用例通过
2021-09-10 18:27:14,825 - root - INFO - 该条用例通过
2021-09-10 18:27:15,005 - root - INFO - 该条用例通过
2021-09-10 18:27:15,207 - root - INFO - 该条用例通过
2021-09-10 18:27:15,424 - root - INFO - 该条用例通过
2021-09-10 18:27:15,648 - root - INFO - 该条用例通过
2021-09-10 18:27:15,822 - root - INFO - 该条用例通过
2021-09-10 18:27:15,992 - root - INFO - 该条用例通过
2021-09-10 18:27:16,154 - root - INFO - 该条用例通过
2021-09-10 18:27:16,349 - root - INFO - 该条用例通过
2021-09-10 18:27:16,566 - root - INFO - 该条用例通过
2021-09-10 18:27:16,766 - root - INFO - 该条用例通过
2021-09-10 18:27:16,951 - root - INFO - 该条用例通过
2021-09-10 18:27:17,154 - root - INFO - 该条用例通过
2021-09-10 18:27:17,348 - root - INFO - 该条用例通过
2021-09-10 18:27:17,548 - root - INFO - 该条用例通过
2021-09-10 18:27:17,737 - root - INFO - 该条用例通过
2021-09-10 18:27:17,937 - root - INFO - 该条用例通过
2021-09-10 18:27:18,111 - root - INFO - 该条用例通过
2021-09-10 18:27:18,279 - root - INFO - 该条用例通过
2021-09-10 18:27:18,463 - root - INFO - 该条用例通过
2021-09-10 18:27:18,648 - root - INFO - 该条用例通过
2021-09-10 18:27:18,831 - root - INFO - 该条用例通过
2021-09-10 18:27:19,030 - root - INFO - 该条用例通过
2021-09-10 18:27:19,209 - root - INFO - 该条用例通过
2021-09-10 18:27:19,384 - root - INFO - 该条用例通过
2021-09-10 18:27:19,559 - root - INFO - 该条用例通过
2021-09-10 18:27:19,763 - root - INFO - 该条用例通过
2021-09-10 18:27:19,990 - root - INFO - 该条用例通过
2021-09-10 18:27:20,197 - root - INFO - 该条用例通过
2021-09-10 18:27:20,197 - root - INFO - ********* 保障期限：80 **********
2021-09-10 18:27:20,385 - root - INFO - 该条用例通过
2021-09-10 18:27:20,582 - root - INFO - 该条用例通过
2021-09-10 18:27:20,760 - root - INFO - 该条用例通过
2021-09-10 18:27:20,986 - root - INFO - 该条用例通过
2021-09-10 18:27:21,148 - root - INFO - 该条用例通过
2021-09-10 18:27:21,315 - root - INFO - 该条用例通过
2021-09-10 18:27:21,569 - root - INFO - 该条用例通过
2021-09-10 18:27:21,739 - root - INFO - 该条用例通过
2021-09-10 18:27:21,904 - root - INFO - 该条用例通过
2021-09-10 18:27:22,187 - root - INFO - 该条用例通过
2021-09-10 18:27:22,380 - root - INFO - 该条用例通过
2021-09-10 18:27:22,559 - root - INFO - 该条用例通过
2021-09-10 18:27:22,845 - root - INFO - 该条用例通过
2021-09-10 18:27:23,039 - root - INFO - 该条用例通过
2021-09-10 18:27:23,207 - root - INFO - 该条用例通过
2021-09-10 18:27:23,436 - root - INFO - 该条用例通过
2021-09-10 18:27:23,651 - root - INFO - 该条用例通过
2021-09-10 18:27:23,852 - root - INFO - 该条用例通过
2021-09-10 18:27:24,022 - root - INFO - 该条用例通过
2021-09-10 18:27:24,201 - root - INFO - 该条用例通过
2021-09-10 18:27:24,375 - root - INFO - 该条用例通过
2021-09-10 18:27:24,563 - root - INFO - 该条用例通过
2021-09-10 18:27:24,756 - root - INFO - 该条用例通过
2021-09-10 18:27:24,956 - root - INFO - 该条用例通过
2021-09-10 18:27:25,135 - root - INFO - 该条用例通过
2021-09-10 18:27:25,308 - root - INFO - 该条用例通过
2021-09-10 18:27:25,482 - root - INFO - 该条用例通过
2021-09-10 18:27:25,694 - root - INFO - 该条用例通过
2021-09-10 18:27:25,884 - root - INFO - 该条用例通过
2021-09-10 18:27:26,098 - root - INFO - 该条用例通过
2021-09-10 18:27:26,299 - root - INFO - 该条用例通过
2021-09-10 18:27:26,486 - root - INFO - 该条用例通过
2021-09-10 18:27:26,686 - root - INFO - 该条用例通过
2021-09-10 18:27:26,884 - root - INFO - 该条用例通过
2021-09-10 18:27:27,096 - root - INFO - 该条用例通过
2021-09-10 18:27:27,338 - root - INFO - 该条用例通过
2021-09-10 18:27:27,542 - root - INFO - 该条用例通过
2021-09-10 18:27:27,730 - root - INFO - 该条用例通过
2021-09-10 18:27:27,921 - root - INFO - 该条用例通过
2021-09-10 18:27:28,211 - root - INFO - 该条用例通过
2021-09-10 18:27:28,407 - root - INFO - 该条用例通过
2021-09-10 18:27:28,594 - root - INFO - 该条用例通过
2021-09-10 18:27:28,778 - root - INFO - 该条用例通过
2021-09-10 18:27:28,966 - root - INFO - 该条用例通过
2021-09-10 18:27:29,138 - root - INFO - 该条用例通过
2021-09-10 18:27:29,335 - root - INFO - 该条用例通过
2021-09-10 18:27:29,549 - root - INFO - 该条用例通过
2021-09-10 18:27:29,730 - root - INFO - 该条用例通过
2021-09-10 18:27:29,904 - root - INFO - 该条用例通过
2021-09-10 18:27:30,088 - root - INFO - 该条用例通过
2021-09-10 18:27:30,257 - root - INFO - 该条用例通过
2021-09-10 18:27:30,463 - root - INFO - 该条用例通过
2021-09-10 18:27:30,664 - root - INFO - 该条用例通过
2021-09-10 18:27:30,872 - root - INFO - 该条用例通过
2021-09-10 18:27:31,058 - root - INFO - 该条用例通过
2021-09-10 18:27:31,234 - root - INFO - 该条用例通过
2021-09-10 18:27:31,427 - root - INFO - 该条用例通过
2021-09-10 18:27:31,631 - root - INFO - 该条用例通过
2021-09-10 18:27:31,838 - root - INFO - 该条用例通过
2021-09-10 18:27:32,058 - root - INFO - 该条用例通过
2021-09-10 18:27:32,253 - root - INFO - 该条用例通过
2021-09-10 18:27:32,447 - root - INFO - 该条用例通过
2021-09-10 18:27:32,645 - root - INFO - 该条用例通过
2021-09-10 18:27:32,865 - root - INFO - 该条用例通过
2021-09-10 18:27:33,053 - root - INFO - 该条用例通过
2021-09-10 18:27:33,260 - root - INFO - 该条用例通过
2021-09-10 18:27:33,434 - root - INFO - 该条用例通过
2021-09-10 18:27:33,631 - root - INFO - 该条用例通过
2021-09-10 18:27:33,818 - root - INFO - 该条用例通过
2021-09-10 18:27:34,049 - root - INFO - 该条用例通过
2021-09-10 18:27:34,240 - root - INFO - 该条用例通过
2021-09-10 18:27:34,457 - root - INFO - 该条用例通过
2021-09-10 18:27:34,627 - root - INFO - 该条用例通过
2021-09-10 18:27:34,790 - root - INFO - 该条用例通过
2021-09-10 18:27:34,959 - root - INFO - 该条用例通过
2021-09-10 18:27:35,168 - root - INFO - 该条用例通过
2021-09-10 18:27:35,348 - root - INFO - 该条用例通过
2021-09-10 18:27:35,559 - root - INFO - 该条用例通过
2021-09-10 18:27:35,789 - root - INFO - 该条用例通过
2021-09-10 18:27:35,976 - root - INFO - 该条用例通过
2021-09-10 18:27:36,147 - root - INFO - 该条用例通过
2021-09-10 18:27:36,359 - root - INFO - 该条用例通过
2021-09-10 18:27:36,562 - root - INFO - 该条用例通过
2021-09-10 18:27:36,765 - root - INFO - 该条用例通过
2021-09-10 18:27:36,950 - root - INFO - 该条用例通过
2021-09-10 18:27:37,144 - root - INFO - 该条用例通过
2021-09-10 18:27:37,346 - root - INFO - 该条用例通过
2021-09-10 18:27:37,559 - root - INFO - 该条用例通过
2021-09-10 18:27:37,747 - root - INFO - 该条用例通过
2021-09-10 18:27:37,930 - root - INFO - 该条用例通过
2021-09-10 18:27:38,102 - root - INFO - 该条用例通过
2021-09-10 18:27:38,280 - root - INFO - 该条用例通过
2021-09-10 18:27:38,453 - root - INFO - 该条用例通过
2021-09-10 18:27:38,635 - root - INFO - 该条用例通过
2021-09-10 18:27:38,849 - root - INFO - 该条用例通过
2021-09-10 18:27:39,055 - root - INFO - 该条用例通过
2021-09-10 18:27:39,224 - root - INFO - 该条用例通过
2021-09-10 18:27:39,405 - root - INFO - 该条用例通过
2021-09-10 18:27:39,572 - root - INFO - 该条用例通过
2021-09-10 18:27:39,750 - root - INFO - 该条用例通过
2021-09-10 18:27:39,937 - root - INFO - 该条用例通过
2021-09-10 18:27:40,137 - root - INFO - 该条用例通过
2021-09-10 18:27:40,318 - root - INFO - 该条用例通过
2021-09-10 18:27:40,499 - root - INFO - 该条用例通过
2021-09-10 18:27:40,684 - root - INFO - 该条用例通过
2021-09-10 18:27:40,892 - root - INFO - 该条用例通过
2021-09-10 18:27:41,112 - root - INFO - 该条用例通过
2021-09-10 18:27:41,345 - root - INFO - 该条用例通过
2021-09-10 18:27:41,520 - root - INFO - 该条用例通过
2021-09-10 18:27:41,694 - root - INFO - 该条用例通过
2021-09-10 18:27:41,874 - root - INFO - 该条用例通过
2021-09-10 18:27:42,128 - root - INFO - 该条用例通过
2021-09-10 18:27:42,325 - root - INFO - 该条用例通过
2021-09-10 18:27:42,532 - root - INFO - 该条用例通过
2021-09-10 18:27:42,714 - root - INFO - 该条用例通过
2021-09-10 18:27:42,913 - root - INFO - 该条用例通过
2021-09-10 18:27:43,094 - root - INFO - 该条用例通过
2021-09-10 18:27:43,292 - root - INFO - 该条用例通过
2021-09-10 18:27:43,494 - root - INFO - 该条用例通过
2021-09-10 18:27:43,677 - root - INFO - 该条用例通过
2021-09-10 18:27:43,858 - root - INFO - 该条用例通过
2021-09-10 18:27:44,046 - root - INFO - 该条用例通过
2021-09-10 18:27:44,213 - root - INFO - 该条用例通过
2021-09-10 18:27:44,427 - root - INFO - 该条用例通过
2021-09-10 18:27:44,628 - root - INFO - 该条用例通过
2021-09-10 18:27:44,828 - root - INFO - 该条用例通过
2021-09-10 18:27:45,010 - root - INFO - 该条用例通过
2021-09-10 18:27:45,184 - root - INFO - 该条用例通过
2021-09-10 18:27:45,361 - root - INFO - 该条用例通过
2021-09-10 18:27:45,558 - root - INFO - 该条用例通过
2021-09-10 18:27:45,750 - root - INFO - 该条用例通过
2021-09-10 18:27:45,947 - root - INFO - 该条用例通过
2021-09-10 18:27:45,947 - root - INFO - 年龄：1
2021-09-10 18:27:45,947 - root - INFO - *****************************************************
2021-09-10 18:27:45,947 - root - INFO - ********* 保障期限：30 **********
2021-09-10 18:27:46,114 - root - INFO - 该条用例通过
2021-09-10 18:27:46,286 - root - INFO - 该条用例通过
2021-09-10 18:27:46,480 - root - INFO - 该条用例通过
2021-09-10 18:27:46,723 - root - INFO - 该条用例通过
2021-09-10 18:27:46,924 - root - INFO - 该条用例通过
2021-09-10 18:27:47,131 - root - INFO - 该条用例通过
2021-09-10 18:27:47,427 - root - INFO - 该条用例通过
2021-09-10 18:27:47,608 - root - INFO - 该条用例通过
2021-09-10 18:27:47,779 - root - INFO - 该条用例通过
2021-09-10 18:27:48,019 - root - INFO - 该条用例通过
2021-09-10 18:27:48,188 - root - INFO - 该条用例通过
2021-09-10 18:27:48,375 - root - INFO - 该条用例通过
2021-09-10 18:27:48,601 - root - INFO - 该条用例通过
2021-09-10 18:27:48,767 - root - INFO - 该条用例通过
2021-09-10 18:27:48,950 - root - INFO - 该条用例通过
2021-09-10 18:27:49,145 - root - INFO - 该条用例通过
2021-09-10 18:27:49,354 - root - INFO - 该条用例通过
2021-09-10 18:27:49,565 - root - INFO - 该条用例通过
2021-09-10 18:27:49,737 - root - INFO - 该条用例通过
2021-09-10 18:27:49,903 - root - INFO - 该条用例通过
2021-09-10 18:27:50,092 - root - INFO - 该条用例通过
2021-09-10 18:27:50,312 - root - INFO - 该条用例通过
2021-09-10 18:27:50,509 - root - INFO - 该条用例通过
2021-09-10 18:27:50,693 - root - INFO - 该条用例通过
2021-09-10 18:27:50,868 - root - INFO - 该条用例通过
2021-09-10 18:27:51,058 - root - INFO - 该条用例通过
2021-09-10 18:27:51,233 - root - INFO - 该条用例通过
2021-09-10 18:27:51,457 - root - INFO - 该条用例通过
2021-09-10 18:27:51,671 - root - INFO - 该条用例通过
2021-09-10 18:27:51,868 - root - INFO - 该条用例通过
2021-09-10 18:27:52,068 - root - INFO - 该条用例通过
2021-09-10 18:27:52,255 - root - INFO - 该条用例通过
2021-09-10 18:27:52,433 - root - INFO - 该条用例通过
2021-09-10 18:27:52,642 - root - INFO - 该条用例通过
2021-09-10 18:27:52,854 - root - INFO - 该条用例通过
2021-09-10 18:27:53,045 - root - INFO - 该条用例通过
2021-09-10 18:27:53,217 - root - INFO - 该条用例通过
2021-09-10 18:27:53,397 - root - INFO - 该条用例通过
2021-09-10 18:27:53,582 - root - INFO - 该条用例通过
2021-09-10 18:27:53,786 - root - INFO - 该条用例通过
2021-09-10 18:27:53,996 - root - INFO - 该条用例通过
2021-09-10 18:27:54,203 - root - INFO - 该条用例通过
2021-09-10 18:27:54,365 - root - INFO - 该条用例通过
2021-09-10 18:27:54,530 - root - INFO - 该条用例通过
2021-09-10 18:27:54,707 - root - INFO - 该条用例通过
2021-09-10 18:27:54,898 - root - INFO - 该条用例通过
2021-09-10 18:27:55,092 - root - INFO - 该条用例通过
2021-09-10 18:27:55,289 - root - INFO - 该条用例通过
2021-09-10 18:27:55,459 - root - INFO - 该条用例通过
2021-09-10 18:27:55,621 - root - INFO - 该条用例通过
2021-09-10 18:27:55,805 - root - INFO - 该条用例通过
2021-09-10 18:27:56,000 - root - INFO - 该条用例通过
2021-09-10 18:27:56,223 - root - INFO - 该条用例通过
2021-09-10 18:27:56,414 - root - INFO - 该条用例通过
2021-09-10 18:27:56,611 - root - INFO - 该条用例通过
2021-09-10 18:27:56,786 - root - INFO - 该条用例通过
2021-09-10 18:27:56,966 - root - INFO - 该条用例通过
2021-09-10 18:27:57,167 - root - INFO - 该条用例通过
2021-09-10 18:27:57,421 - root - INFO - 该条用例通过
2021-09-10 18:27:57,654 - root - INFO - 该条用例通过
2021-09-10 18:27:57,834 - root - INFO - 该条用例通过
2021-09-10 18:27:58,003 - root - INFO - 该条用例通过
2021-09-10 18:27:58,204 - root - INFO - 该条用例通过
2021-09-10 18:27:58,392 - root - INFO - 该条用例通过
2021-09-10 18:27:58,594 - root - INFO - 该条用例通过
2021-09-10 18:27:58,811 - root - INFO - 该条用例通过
2021-09-10 18:27:59,010 - root - INFO - 该条用例通过
2021-09-10 18:27:59,187 - root - INFO - 该条用例通过
2021-09-10 18:27:59,368 - root - INFO - 该条用例通过
2021-09-10 18:27:59,569 - root - INFO - 该条用例通过
2021-09-10 18:27:59,747 - root - INFO - 该条用例通过
2021-09-10 18:27:59,938 - root - INFO - 该条用例通过
2021-09-10 18:28:00,118 - root - INFO - 该条用例通过
2021-09-10 18:28:00,286 - root - INFO - 该条用例通过
2021-09-10 18:28:00,463 - root - INFO - 该条用例通过
2021-09-10 18:28:00,647 - root - INFO - 该条用例通过
2021-09-10 18:28:00,842 - root - INFO - 该条用例通过
2021-09-10 18:28:01,020 - root - INFO - 该条用例通过
2021-09-10 18:28:01,203 - root - INFO - 该条用例通过
2021-09-10 18:28:01,398 - root - INFO - 该条用例通过
2021-09-10 18:28:01,572 - root - INFO - 该条用例通过
2021-09-10 18:28:01,796 - root - INFO - 该条用例通过
2021-09-10 18:28:02,003 - root - INFO - 该条用例通过
2021-09-10 18:28:02,229 - root - INFO - 该条用例通过
2021-09-10 18:28:02,401 - root - INFO - 该条用例通过
2021-09-10 18:28:02,608 - root - INFO - 该条用例通过
2021-09-10 18:28:02,789 - root - INFO - 该条用例通过
2021-09-10 18:28:02,992 - root - INFO - 该条用例通过
2021-09-10 18:28:03,193 - root - INFO - 该条用例通过
2021-09-10 18:28:03,404 - root - INFO - 该条用例通过
2021-09-10 18:28:03,581 - root - INFO - 该条用例通过
2021-09-10 18:28:03,753 - root - INFO - 该条用例通过
2021-09-10 18:28:03,948 - root - INFO - 该条用例通过
2021-09-10 18:28:04,163 - root - INFO - 该条用例未通过
2021-09-10 18:28:04,164 - root - INFO - 发送数据：
2021-09-10 18:28:04,164 - root - INFO - [{'code': 'age', 'value': '1'}, {'code': 'gender', 'value': 'M'}, {'code': 'guaranteePeriod', 'value': '30'}, {'code': 'paymentPeriod', 'value': '20'}, {'code': 'diePayMethod', 'value': '913200'}, {'code': 'secondDiseases', 'value': '1'}, {'code': 'guaranteeAmount', 'value': '10'}, {'code': 'holderImmunity', 'value': '1'}, {'code': 'holderGender', 'value': 'M'}, {'code': 'holderAge', 'value': '19'}]
