2021-09-10 18:45:38,315 - root - INFO - test start1
2021-09-10 18:45:38,315 - root - INFO - 性别:M
2021-09-10 18:45:38,316 - root - INFO - 年龄：0
2021-09-10 18:45:38,318 - root - INFO - *****************************************************
2021-09-10 18:45:38,319 - root - INFO - ********* 保障期限：30 **********
2021-09-10 18:45:59,832 - root - INFO - ********* 保障期限：70 **********
2021-09-10 18:46:25,723 - root - INFO - ********* 保障期限：80 **********
2021-09-10 18:46:51,829 - root - INFO - 年龄：1
2021-09-10 18:46:51,831 - root - INFO - *****************************************************
2021-09-10 18:46:51,831 - root - INFO - ********* 保障期限：30 **********
2021-09-10 18:47:11,144 - root - INFO - 该条用例未通过
2021-09-10 18:47:11,144 - root - INFO - 发送数据：
2021-09-10 18:47:11,145 - root - INFO - [
  {
    "code": "age",
    "value": "1"
  },
  {
    "code": "gender",
    "value": "M"
  },
  {
    "code": "guaranteePeriod",
    "value": "30"
  },
  {
    "code": "paymentPeriod",
    "value": "20"
  },
  {
    "code": "diePayMethod",
    "value": "913200"
  },
  {
    "code": "secondDiseases",
    "value": "1"
  },
  {
    "code": "guaranteeAmount",
    "value": "10"
  },
  {
    "code": "holderImmunity",
    "value": "1"
  },
  {
    "code": "holderGender",
    "value": "M"
  },
  {
    "code": "holderAge",
    "value": "19"
  }
]
