2021-09-10 18:31:53,385 - root - INFO - test start1
2021-09-10 18:31:53,387 - root - INFO - 性别:M
2021-09-10 18:31:53,387 - root - INFO - 年龄：0
2021-09-10 18:31:53,388 - root - INFO - *****************************************************
2021-09-10 18:31:53,388 - root - INFO - ********* 保障期限：30 **********
2021-09-10 18:31:53,664 - root - INFO - 该条用例通过
2021-09-10 18:31:53,844 - root - INFO - 该条用例通过
2021-09-10 18:31:54,002 - root - INFO - 该条用例通过
2021-09-10 18:31:54,203 - root - INFO - 该条用例通过
2021-09-10 18:31:54,384 - root - INFO - 该条用例通过
2021-09-10 18:31:54,582 - root - INFO - 该条用例通过
2021-09-10 18:31:55,036 - root - INFO - 该条用例通过
2021-09-10 18:31:55,415 - root - INFO - 该条用例通过
2021-09-10 18:31:55,585 - root - INFO - 该条用例通过
2021-09-10 18:31:55,861 - root - INFO - 该条用例通过
2021-09-10 18:31:56,046 - root - INFO - 该条用例通过
2021-09-10 18:31:56,210 - root - INFO - 该条用例通过
2021-09-10 18:31:56,421 - root - INFO - 该条用例通过
2021-09-10 18:31:56,588 - root - INFO - 该条用例通过
2021-09-10 18:31:56,752 - root - INFO - 该条用例通过
2021-09-10 18:31:56,951 - root - INFO - 该条用例通过
2021-09-10 18:31:57,134 - root - INFO - 该条用例通过
2021-09-10 18:31:57,325 - root - INFO - 该条用例通过
2021-09-10 18:31:57,509 - root - INFO - 该条用例通过
2021-09-10 18:31:57,698 - root - INFO - 该条用例通过
2021-09-10 18:31:57,891 - root - INFO - 该条用例通过
2021-09-10 18:31:58,104 - root - INFO - 该条用例通过
2021-09-10 18:31:58,332 - root - INFO - 该条用例通过
2021-09-10 18:31:58,571 - root - INFO - 该条用例通过
2021-09-10 18:31:58,747 - root - INFO - 该条用例通过
2021-09-10 18:31:58,937 - root - INFO - 该条用例通过
2021-09-10 18:31:59,114 - root - INFO - 该条用例通过
2021-09-10 18:31:59,301 - root - INFO - 该条用例通过
2021-09-10 18:31:59,543 - root - INFO - 该条用例通过
2021-09-10 18:31:59,767 - root - INFO - 该条用例通过
2021-09-10 18:31:59,947 - root - INFO - 该条用例通过
2021-09-10 18:32:00,111 - root - INFO - 该条用例通过
2021-09-10 18:32:00,269 - root - INFO - 该条用例通过
2021-09-10 18:32:00,463 - root - INFO - 该条用例通过
2021-09-10 18:32:00,664 - root - INFO - 该条用例通过
2021-09-10 18:32:00,903 - root - INFO - 该条用例通过
2021-09-10 18:32:01,082 - root - INFO - 该条用例通过
2021-09-10 18:32:01,270 - root - INFO - 该条用例通过
2021-09-10 18:32:01,459 - root - INFO - 该条用例通过
2021-09-10 18:32:01,661 - root - INFO - 该条用例通过
2021-09-10 18:32:01,845 - root - INFO - 该条用例通过
2021-09-10 18:32:02,046 - root - INFO - 该条用例通过
2021-09-10 18:32:02,213 - root - INFO - 该条用例通过
2021-09-10 18:32:02,390 - root - INFO - 该条用例通过
2021-09-10 18:32:02,559 - root - INFO - 该条用例通过
2021-09-10 18:32:02,742 - root - INFO - 该条用例通过
2021-09-10 18:32:02,953 - root - INFO - 该条用例通过
2021-09-10 18:32:03,138 - root - INFO - 该条用例通过
2021-09-10 18:32:03,312 - root - INFO - 该条用例通过
2021-09-10 18:32:03,483 - root - INFO - 该条用例通过
2021-09-10 18:32:03,661 - root - INFO - 该条用例通过
2021-09-10 18:32:03,845 - root - INFO - 该条用例通过
2021-09-10 18:32:04,042 - root - INFO - 该条用例通过
2021-09-10 18:32:04,220 - root - INFO - 该条用例通过
2021-09-10 18:32:04,405 - root - INFO - 该条用例通过
2021-09-10 18:32:04,586 - root - INFO - 该条用例通过
2021-09-10 18:32:04,757 - root - INFO - 该条用例通过
2021-09-10 18:32:04,974 - root - INFO - 该条用例通过
2021-09-10 18:32:05,150 - root - INFO - 该条用例通过
2021-09-10 18:32:05,345 - root - INFO - 该条用例通过
2021-09-10 18:32:05,516 - root - INFO - 该条用例通过
2021-09-10 18:32:05,700 - root - INFO - 该条用例通过
2021-09-10 18:32:05,862 - root - INFO - 该条用例通过
2021-09-10 18:32:06,053 - root - INFO - 该条用例通过
2021-09-10 18:32:06,226 - root - INFO - 该条用例通过
2021-09-10 18:32:06,404 - root - INFO - 该条用例通过
2021-09-10 18:32:06,585 - root - INFO - 该条用例通过
2021-09-10 18:32:06,753 - root - INFO - 该条用例通过
2021-09-10 18:32:06,923 - root - INFO - 该条用例通过
2021-09-10 18:32:07,119 - root - INFO - 该条用例通过
2021-09-10 18:32:07,325 - root - INFO - 该条用例通过
2021-09-10 18:32:07,549 - root - INFO - 该条用例通过
2021-09-10 18:32:07,713 - root - INFO - 该条用例通过
2021-09-10 18:32:07,885 - root - INFO - 该条用例通过
2021-09-10 18:32:08,072 - root - INFO - 该条用例通过
2021-09-10 18:32:08,257 - root - INFO - 该条用例通过
2021-09-10 18:32:08,447 - root - INFO - 该条用例通过
2021-09-10 18:32:08,654 - root - INFO - 该条用例通过
2021-09-10 18:32:08,828 - root - INFO - 该条用例通过
2021-09-10 18:32:09,003 - root - INFO - 该条用例通过
2021-09-10 18:32:09,187 - root - INFO - 该条用例通过
2021-09-10 18:32:09,380 - root - INFO - 该条用例通过
2021-09-10 18:32:09,562 - root - INFO - 该条用例通过
2021-09-10 18:32:09,786 - root - INFO - 该条用例通过
2021-09-10 18:32:09,967 - root - INFO - 该条用例通过
2021-09-10 18:32:10,145 - root - INFO - 该条用例通过
2021-09-10 18:32:10,325 - root - INFO - 该条用例通过
2021-09-10 18:32:10,513 - root - INFO - 该条用例通过
2021-09-10 18:32:10,756 - root - INFO - 该条用例通过
2021-09-10 18:32:10,959 - root - INFO - 该条用例通过
2021-09-10 18:32:11,144 - root - INFO - 该条用例通过
2021-09-10 18:32:11,311 - root - INFO - 该条用例通过
2021-09-10 18:32:11,489 - root - INFO - 该条用例通过
2021-09-10 18:32:11,694 - root - INFO - 该条用例通过
2021-09-10 18:32:11,869 - root - INFO - 该条用例通过
2021-09-10 18:32:12,061 - root - INFO - 该条用例通过
2021-09-10 18:32:12,226 - root - INFO - 该条用例通过
2021-09-10 18:32:12,415 - root - INFO - 该条用例通过
2021-09-10 18:32:12,582 - root - INFO - 该条用例通过
2021-09-10 18:32:12,802 - root - INFO - 该条用例通过
2021-09-10 18:32:13,043 - root - INFO - 该条用例通过
2021-09-10 18:32:13,303 - root - INFO - 该条用例通过
2021-09-10 18:32:13,486 - root - INFO - 该条用例通过
2021-09-10 18:32:13,686 - root - INFO - 该条用例通过
2021-09-10 18:32:13,858 - root - INFO - 该条用例通过
2021-09-10 18:32:14,066 - root - INFO - 该条用例通过
2021-09-10 18:32:14,266 - root - INFO - 该条用例通过
2021-09-10 18:32:14,451 - root - INFO - 该条用例通过
2021-09-10 18:32:14,451 - root - INFO - ********* 保障期限：70 **********
2021-09-10 18:32:14,628 - root - INFO - 该条用例通过
2021-09-10 18:32:14,811 - root - INFO - 该条用例通过
2021-09-10 18:32:14,982 - root - INFO - 该条用例通过
2021-09-10 18:32:15,209 - root - INFO - 该条用例通过
2021-09-10 18:32:15,384 - root - INFO - 该条用例通过
2021-09-10 18:32:15,563 - root - INFO - 该条用例通过
2021-09-10 18:32:15,802 - root - INFO - 该条用例通过
2021-09-10 18:32:15,974 - root - INFO - 该条用例通过
2021-09-10 18:32:16,154 - root - INFO - 该条用例通过
2021-09-10 18:32:16,431 - root - INFO - 该条用例通过
2021-09-10 18:32:16,601 - root - INFO - 该条用例通过
2021-09-10 18:32:16,780 - root - INFO - 该条用例通过
2021-09-10 18:32:17,036 - root - INFO - 该条用例通过
2021-09-10 18:32:17,211 - root - INFO - 该条用例通过
2021-09-10 18:32:17,384 - root - INFO - 该条用例通过
2021-09-10 18:32:17,573 - root - INFO - 该条用例通过
2021-09-10 18:32:17,819 - root - INFO - 该条用例通过
2021-09-10 18:32:18,028 - root - INFO - 该条用例通过
2021-09-10 18:32:18,206 - root - INFO - 该条用例通过
2021-09-10 18:32:18,388 - root - INFO - 该条用例通过
2021-09-10 18:32:18,576 - root - INFO - 该条用例通过
2021-09-10 18:32:18,785 - root - INFO - 该条用例通过
2021-09-10 18:32:18,986 - root - INFO - 该条用例通过
2021-09-10 18:32:19,187 - root - INFO - 该条用例通过
2021-09-10 18:32:19,388 - root - INFO - 该条用例通过
2021-09-10 18:32:19,562 - root - INFO - 该条用例通过
2021-09-10 18:32:19,736 - root - INFO - 该条用例通过
2021-09-10 18:32:19,946 - root - INFO - 该条用例通过
2021-09-10 18:32:20,145 - root - INFO - 该条用例通过
2021-09-10 18:32:20,367 - root - INFO - 该条用例通过
2021-09-10 18:32:20,551 - root - INFO - 该条用例通过
2021-09-10 18:32:20,726 - root - INFO - 该条用例通过
2021-09-10 18:32:20,914 - root - INFO - 该条用例通过
2021-09-10 18:32:21,145 - root - INFO - 该条用例通过
2021-09-10 18:32:21,368 - root - INFO - 该条用例通过
2021-09-10 18:32:21,553 - root - INFO - 该条用例通过
2021-09-10 18:32:21,759 - root - INFO - 该条用例通过
2021-09-10 18:32:21,950 - root - INFO - 该条用例通过
2021-09-10 18:32:22,128 - root - INFO - 该条用例通过
2021-09-10 18:32:22,332 - root - INFO - 该条用例通过
2021-09-10 18:32:22,563 - root - INFO - 该条用例通过
2021-09-10 18:32:22,762 - root - INFO - 该条用例通过
2021-09-10 18:32:22,924 - root - INFO - 该条用例通过
2021-09-10 18:32:23,108 - root - INFO - 该条用例通过
2021-09-10 18:32:23,282 - root - INFO - 该条用例通过
2021-09-10 18:32:23,493 - root - INFO - 该条用例通过
2021-09-10 18:32:23,711 - root - INFO - 该条用例通过
2021-09-10 18:32:23,918 - root - INFO - 该条用例通过
2021-09-10 18:32:24,108 - root - INFO - 该条用例通过
2021-09-10 18:32:24,266 - root - INFO - 该条用例通过
2021-09-10 18:32:24,441 - root - INFO - 该条用例通过
2021-09-10 18:32:24,635 - root - INFO - 该条用例通过
2021-09-10 18:32:24,872 - root - INFO - 该条用例通过
2021-09-10 18:32:25,128 - root - INFO - 该条用例通过
2021-09-10 18:32:25,309 - root - INFO - 该条用例通过
2021-09-10 18:32:25,483 - root - INFO - 该条用例通过
2021-09-10 18:32:25,690 - root - INFO - 该条用例通过
2021-09-10 18:32:25,913 - root - INFO - 该条用例通过
2021-09-10 18:32:26,099 - root - INFO - 该条用例通过
2021-09-10 18:32:26,282 - root - INFO - 该条用例通过
2021-09-10 18:32:26,467 - root - INFO - 该条用例通过
2021-09-10 18:32:26,654 - root - INFO - 该条用例通过
2021-09-10 18:32:26,821 - root - INFO - 该条用例通过
2021-09-10 18:32:27,009 - root - INFO - 该条用例通过
2021-09-10 18:32:27,210 - root - INFO - 该条用例通过
2021-09-10 18:32:27,444 - root - INFO - 该条用例通过
2021-09-10 18:32:27,640 - root - INFO - 该条用例通过
2021-09-10 18:32:27,826 - root - INFO - 该条用例通过
2021-09-10 18:32:28,029 - root - INFO - 该条用例通过
2021-09-10 18:32:28,325 - root - INFO - 该条用例通过
2021-09-10 18:32:28,559 - root - INFO - 该条用例通过
2021-09-10 18:32:28,776 - root - INFO - 该条用例通过
2021-09-10 18:32:28,986 - root - INFO - 该条用例通过
2021-09-10 18:32:29,157 - root - INFO - 该条用例通过
2021-09-10 18:32:29,336 - root - INFO - 该条用例通过
2021-09-10 18:32:29,519 - root - INFO - 该条用例通过
2021-09-10 18:32:29,743 - root - INFO - 该条用例通过
2021-09-10 18:32:29,963 - root - INFO - 该条用例通过
2021-09-10 18:32:30,138 - root - INFO - 该条用例通过
2021-09-10 18:32:30,316 - root - INFO - 该条用例通过
2021-09-10 18:32:30,502 - root - INFO - 该条用例通过
2021-09-10 18:32:30,697 - root - INFO - 该条用例通过
2021-09-10 18:32:30,934 - root - INFO - 该条用例通过
2021-09-10 18:32:31,148 - root - INFO - 该条用例通过
2021-09-10 18:32:31,398 - root - INFO - 该条用例通过
2021-09-10 18:32:31,607 - root - INFO - 该条用例通过
2021-09-10 18:32:31,795 - root - INFO - 该条用例通过
2021-09-10 18:32:32,055 - root - INFO - 该条用例通过
2021-09-10 18:32:32,272 - root - INFO - 该条用例通过
2021-09-10 18:32:32,470 - root - INFO - 该条用例通过
2021-09-10 18:32:32,648 - root - INFO - 该条用例通过
2021-09-10 18:32:32,826 - root - INFO - 该条用例通过
2021-09-10 18:32:33,088 - root - INFO - 该条用例通过
2021-09-10 18:32:33,298 - root - INFO - 该条用例通过
2021-09-10 18:32:33,510 - root - INFO - 该条用例通过
2021-09-10 18:32:33,733 - root - INFO - 该条用例通过
2021-09-10 18:32:33,905 - root - INFO - 该条用例通过
2021-09-10 18:32:34,092 - root - INFO - 该条用例通过
2021-09-10 18:32:34,273 - root - INFO - 该条用例通过
2021-09-10 18:32:34,487 - root - INFO - 该条用例通过
2021-09-10 18:32:34,706 - root - INFO - 该条用例通过
2021-09-10 18:32:34,928 - root - INFO - 该条用例通过
2021-09-10 18:32:35,108 - root - INFO - 该条用例通过
2021-09-10 18:32:35,285 - root - INFO - 该条用例通过
2021-09-10 18:32:35,456 - root - INFO - 该条用例通过
2021-09-10 18:32:35,664 - root - INFO - 该条用例通过
2021-09-10 18:32:35,894 - root - INFO - 该条用例通过
2021-09-10 18:32:36,124 - root - INFO - 该条用例通过
2021-09-10 18:32:36,299 - root - INFO - 该条用例通过
2021-09-10 18:32:36,467 - root - INFO - 该条用例通过
2021-09-10 18:32:36,634 - root - INFO - 该条用例通过
2021-09-10 18:32:36,826 - root - INFO - 该条用例通过
2021-09-10 18:32:37,049 - root - INFO - 该条用例通过
2021-09-10 18:32:37,278 - root - INFO - 该条用例通过
2021-09-10 18:32:37,482 - root - INFO - 该条用例通过
2021-09-10 18:32:37,690 - root - INFO - 该条用例通过
2021-09-10 18:32:37,878 - root - INFO - 该条用例通过
2021-09-10 18:32:38,141 - root - INFO - 该条用例通过
2021-09-10 18:32:38,368 - root - INFO - 该条用例通过
2021-09-10 18:32:38,575 - root - INFO - 该条用例通过
2021-09-10 18:32:38,756 - root - INFO - 该条用例通过
2021-09-10 18:32:38,936 - root - INFO - 该条用例通过
2021-09-10 18:32:39,119 - root - INFO - 该条用例通过
2021-09-10 18:32:39,299 - root - INFO - 该条用例通过
2021-09-10 18:32:39,499 - root - INFO - 该条用例通过
2021-09-10 18:32:39,698 - root - INFO - 该条用例通过
2021-09-10 18:32:39,911 - root - INFO - 该条用例通过
2021-09-10 18:32:40,114 - root - INFO - 该条用例通过
2021-09-10 18:32:40,299 - root - INFO - 该条用例通过
2021-09-10 18:32:40,499 - root - INFO - 该条用例通过
2021-09-10 18:32:40,743 - root - INFO - 该条用例通过
2021-09-10 18:32:40,973 - root - INFO - 该条用例通过
2021-09-10 18:32:40,973 - root - INFO - ********* 保障期限：80 **********
2021-09-10 18:32:41,154 - root - INFO - 该条用例通过
2021-09-10 18:32:41,322 - root - INFO - 该条用例通过
2021-09-10 18:32:41,497 - root - INFO - 该条用例通过
2021-09-10 18:32:41,732 - root - INFO - 该条用例通过
2021-09-10 18:32:41,900 - root - INFO - 该条用例通过
2021-09-10 18:32:42,082 - root - INFO - 该条用例通过
2021-09-10 18:32:42,391 - root - INFO - 该条用例通过
2021-09-10 18:32:42,602 - root - INFO - 该条用例通过
2021-09-10 18:32:42,793 - root - INFO - 该条用例通过
2021-09-10 18:32:43,095 - root - INFO - 该条用例通过
2021-09-10 18:32:43,283 - root - INFO - 该条用例通过
2021-09-10 18:32:43,470 - root - INFO - 该条用例通过
2021-09-10 18:32:43,795 - root - INFO - 该条用例通过
2021-09-10 18:32:43,987 - root - INFO - 该条用例通过
2021-09-10 18:32:44,171 - root - INFO - 该条用例通过
2021-09-10 18:32:44,355 - root - INFO - 该条用例通过
2021-09-10 18:32:44,568 - root - INFO - 该条用例通过
2021-09-10 18:32:44,756 - root - INFO - 该条用例通过
2021-09-10 18:32:44,931 - root - INFO - 该条用例通过
2021-09-10 18:32:45,118 - root - INFO - 该条用例通过
2021-09-10 18:32:45,338 - root - INFO - 该条用例通过
2021-09-10 18:32:45,551 - root - INFO - 该条用例通过
2021-09-10 18:32:45,730 - root - INFO - 该条用例通过
2021-09-10 18:32:45,904 - root - INFO - 该条用例通过
2021-09-10 18:32:46,078 - root - INFO - 该条用例通过
2021-09-10 18:32:46,250 - root - INFO - 该条用例通过
2021-09-10 18:32:46,436 - root - INFO - 该条用例通过
2021-09-10 18:32:46,653 - root - INFO - 该条用例通过
2021-09-10 18:32:46,848 - root - INFO - 该条用例通过
2021-09-10 18:32:47,046 - root - INFO - 该条用例通过
2021-09-10 18:32:47,213 - root - INFO - 该条用例通过
2021-09-10 18:32:47,392 - root - INFO - 该条用例通过
2021-09-10 18:32:47,582 - root - INFO - 该条用例通过
2021-09-10 18:32:47,812 - root - INFO - 该条用例通过
2021-09-10 18:32:48,019 - root - INFO - 该条用例通过
2021-09-10 18:32:48,279 - root - INFO - 该条用例通过
2021-09-10 18:32:48,464 - root - INFO - 该条用例通过
2021-09-10 18:32:48,625 - root - INFO - 该条用例通过
2021-09-10 18:32:48,793 - root - INFO - 该条用例通过
2021-09-10 18:32:48,982 - root - INFO - 该条用例通过
2021-09-10 18:32:49,167 - root - INFO - 该条用例通过
2021-09-10 18:32:49,398 - root - INFO - 该条用例通过
2021-09-10 18:32:49,576 - root - INFO - 该条用例通过
2021-09-10 18:32:49,757 - root - INFO - 该条用例通过
2021-09-10 18:32:49,936 - root - INFO - 该条用例通过
2021-09-10 18:32:50,134 - root - INFO - 该条用例通过
2021-09-10 18:32:50,338 - root - INFO - 该条用例通过
2021-09-10 18:32:50,529 - root - INFO - 该条用例通过
2021-09-10 18:32:50,717 - root - INFO - 该条用例通过
2021-09-10 18:32:50,904 - root - INFO - 该条用例通过
2021-09-10 18:32:51,078 - root - INFO - 该条用例通过
2021-09-10 18:32:51,342 - root - INFO - 该条用例通过
2021-09-10 18:32:51,535 - root - INFO - 该条用例通过
2021-09-10 18:32:51,717 - root - INFO - 该条用例通过
2021-09-10 18:32:51,884 - root - INFO - 该条用例通过
2021-09-10 18:32:52,075 - root - INFO - 该条用例通过
2021-09-10 18:32:52,273 - root - INFO - 该条用例通过
2021-09-10 18:32:52,489 - root - INFO - 该条用例通过
2021-09-10 18:32:52,700 - root - INFO - 该条用例通过
2021-09-10 18:32:52,921 - root - INFO - 该条用例通过
2021-09-10 18:32:53,102 - root - INFO - 该条用例通过
2021-09-10 18:32:53,292 - root - INFO - 该条用例通过
2021-09-10 18:32:53,466 - root - INFO - 该条用例通过
2021-09-10 18:32:53,648 - root - INFO - 该条用例通过
2021-09-10 18:32:53,845 - root - INFO - 该条用例通过
2021-09-10 18:32:54,039 - root - INFO - 该条用例通过
2021-09-10 18:32:54,209 - root - INFO - 该条用例通过
2021-09-10 18:32:54,380 - root - INFO - 该条用例通过
2021-09-10 18:32:54,569 - root - INFO - 该条用例通过
2021-09-10 18:32:54,762 - root - INFO - 该条用例通过
2021-09-10 18:32:54,957 - root - INFO - 该条用例通过
2021-09-10 18:32:55,141 - root - INFO - 该条用例通过
2021-09-10 18:32:55,334 - root - INFO - 该条用例通过
2021-09-10 18:32:55,556 - root - INFO - 该条用例通过
2021-09-10 18:32:55,740 - root - INFO - 该条用例通过
2021-09-10 18:32:55,967 - root - INFO - 该条用例通过
2021-09-10 18:32:56,150 - root - INFO - 该条用例通过
2021-09-10 18:32:56,344 - root - INFO - 该条用例通过
2021-09-10 18:32:56,520 - root - INFO - 该条用例通过
2021-09-10 18:32:56,698 - root - INFO - 该条用例通过
2021-09-10 18:32:56,871 - root - INFO - 该条用例通过
2021-09-10 18:32:57,079 - root - INFO - 该条用例通过
2021-09-10 18:32:57,295 - root - INFO - 该条用例通过
2021-09-10 18:32:57,506 - root - INFO - 该条用例通过
2021-09-10 18:32:57,697 - root - INFO - 该条用例通过
2021-09-10 18:32:57,871 - root - INFO - 该条用例通过
2021-09-10 18:32:58,046 - root - INFO - 该条用例通过
2021-09-10 18:32:58,278 - root - INFO - 该条用例通过
2021-09-10 18:32:58,490 - root - INFO - 该条用例通过
2021-09-10 18:32:58,694 - root - INFO - 该条用例通过
2021-09-10 18:32:58,867 - root - INFO - 该条用例通过
2021-09-10 18:32:59,081 - root - INFO - 该条用例通过
2021-09-10 18:32:59,341 - root - INFO - 该条用例通过
2021-09-10 18:32:59,674 - root - INFO - 该条用例通过
2021-09-10 18:32:59,885 - root - INFO - 该条用例通过
2021-09-10 18:33:00,081 - root - INFO - 该条用例通过
2021-09-10 18:33:00,253 - root - INFO - 该条用例通过
2021-09-10 18:33:00,437 - root - INFO - 该条用例通过
2021-09-10 18:33:00,608 - root - INFO - 该条用例通过
2021-09-10 18:33:00,802 - root - INFO - 该条用例通过
2021-09-10 18:33:00,990 - root - INFO - 该条用例通过
2021-09-10 18:33:01,183 - root - INFO - 该条用例通过
2021-09-10 18:33:01,365 - root - INFO - 该条用例通过
2021-09-10 18:33:01,555 - root - INFO - 该条用例通过
2021-09-10 18:33:01,734 - root - INFO - 该条用例通过
2021-09-10 18:33:01,918 - root - INFO - 该条用例通过
2021-09-10 18:33:02,134 - root - INFO - 该条用例通过
2021-09-10 18:33:02,338 - root - INFO - 该条用例通过
2021-09-10 18:33:02,516 - root - INFO - 该条用例通过
2021-09-10 18:33:02,684 - root - INFO - 该条用例通过
2021-09-10 18:33:02,851 - root - INFO - 该条用例通过
2021-09-10 18:33:03,063 - root - INFO - 该条用例通过
2021-09-10 18:33:03,256 - root - INFO - 该条用例通过
2021-09-10 18:33:03,447 - root - INFO - 该条用例通过
2021-09-10 18:33:03,638 - root - INFO - 该条用例通过
2021-09-10 18:33:03,811 - root - INFO - 该条用例通过
2021-09-10 18:33:03,990 - root - INFO - 该条用例通过
2021-09-10 18:33:04,177 - root - INFO - 该条用例通过
2021-09-10 18:33:04,394 - root - INFO - 该条用例通过
2021-09-10 18:33:04,582 - root - INFO - 该条用例通过
2021-09-10 18:33:04,756 - root - INFO - 该条用例通过
2021-09-10 18:33:04,948 - root - INFO - 该条用例通过
2021-09-10 18:33:05,125 - root - INFO - 该条用例通过
2021-09-10 18:33:05,332 - root - INFO - 该条用例通过
2021-09-10 18:33:05,529 - root - INFO - 该条用例通过
2021-09-10 18:33:05,701 - root - INFO - 该条用例通过
2021-09-10 18:33:05,868 - root - INFO - 该条用例通过
2021-09-10 18:33:06,039 - root - INFO - 该条用例通过
2021-09-10 18:33:06,213 - root - INFO - 该条用例通过
2021-09-10 18:33:06,388 - root - INFO - 该条用例通过
2021-09-10 18:33:06,579 - root - INFO - 该条用例通过
2021-09-10 18:33:06,766 - root - INFO - 该条用例通过
2021-09-10 18:33:06,766 - root - INFO - 年龄：1
2021-09-10 18:33:06,766 - root - INFO - *****************************************************
2021-09-10 18:33:06,766 - root - INFO - ********* 保障期限：30 **********
2021-09-10 18:33:06,944 - root - INFO - 该条用例通过
2021-09-10 18:33:07,112 - root - INFO - 该条用例通过
2021-09-10 18:33:07,315 - root - INFO - 该条用例通过
2021-09-10 18:33:07,625 - root - INFO - 该条用例通过
2021-09-10 18:33:07,812 - root - INFO - 该条用例通过
2021-09-10 18:33:08,028 - root - INFO - 该条用例通过
2021-09-10 18:33:08,256 - root - INFO - 该条用例通过
2021-09-10 18:33:08,440 - root - INFO - 该条用例通过
2021-09-10 18:33:08,612 - root - INFO - 该条用例通过
2021-09-10 18:33:08,828 - root - INFO - 该条用例通过
2021-09-10 18:33:08,999 - root - INFO - 该条用例通过
2021-09-10 18:33:09,174 - root - INFO - 该条用例通过
2021-09-10 18:33:09,493 - root - INFO - 该条用例通过
2021-09-10 18:33:09,681 - root - INFO - 该条用例通过
2021-09-10 18:33:09,868 - root - INFO - 该条用例通过
2021-09-10 18:33:10,092 - root - INFO - 该条用例通过
2021-09-10 18:33:10,355 - root - INFO - 该条用例通过
2021-09-10 18:33:10,654 - root - INFO - 该条用例通过
2021-09-10 18:33:10,835 - root - INFO - 该条用例通过
2021-09-10 18:33:11,026 - root - INFO - 该条用例通过
2021-09-10 18:33:11,224 - root - INFO - 该条用例通过
2021-09-10 18:33:11,404 - root - INFO - 该条用例通过
2021-09-10 18:33:11,581 - root - INFO - 该条用例通过
2021-09-10 18:33:11,783 - root - INFO - 该条用例通过
2021-09-10 18:33:11,961 - root - INFO - 该条用例通过
2021-09-10 18:33:12,142 - root - INFO - 该条用例通过
2021-09-10 18:33:12,331 - root - INFO - 该条用例通过
2021-09-10 18:33:12,581 - root - INFO - 该条用例通过
2021-09-10 18:33:12,793 - root - INFO - 该条用例通过
2021-09-10 18:33:12,976 - root - INFO - 该条用例通过
2021-09-10 18:33:13,154 - root - INFO - 该条用例通过
2021-09-10 18:33:13,364 - root - INFO - 该条用例通过
2021-09-10 18:33:13,540 - root - INFO - 该条用例通过
2021-09-10 18:33:13,755 - root - INFO - 该条用例通过
2021-09-10 18:33:13,950 - root - INFO - 该条用例通过
2021-09-10 18:33:14,141 - root - INFO - 该条用例通过
2021-09-10 18:33:14,309 - root - INFO - 该条用例通过
2021-09-10 18:33:14,492 - root - INFO - 该条用例通过
2021-09-10 18:33:14,680 - root - INFO - 该条用例通过
2021-09-10 18:33:14,861 - root - INFO - 该条用例通过
2021-09-10 18:33:15,049 - root - INFO - 该条用例通过
2021-09-10 18:33:15,230 - root - INFO - 该条用例通过
2021-09-10 18:33:15,401 - root - INFO - 该条用例通过
2021-09-10 18:33:15,594 - root - INFO - 该条用例通过
2021-09-10 18:33:15,776 - root - INFO - 该条用例通过
2021-09-10 18:33:15,963 - root - INFO - 该条用例通过
2021-09-10 18:33:16,151 - root - INFO - 该条用例通过
2021-09-10 18:33:16,354 - root - INFO - 该条用例通过
2021-09-10 18:33:16,515 - root - INFO - 该条用例通过
2021-09-10 18:33:16,697 - root - INFO - 该条用例通过
2021-09-10 18:33:16,869 - root - INFO - 该条用例通过
2021-09-10 18:33:17,061 - root - INFO - 该条用例通过
2021-09-10 18:33:17,286 - root - INFO - 该条用例通过
2021-09-10 18:33:17,500 - root - INFO - 该条用例通过
2021-09-10 18:33:17,677 - root - INFO - 该条用例通过
2021-09-10 18:33:17,845 - root - INFO - 该条用例通过
2021-09-10 18:33:18,032 - root - INFO - 该条用例通过
2021-09-10 18:33:18,226 - root - INFO - 该条用例通过
2021-09-10 18:33:18,420 - root - INFO - 该条用例通过
2021-09-10 18:33:18,617 - root - INFO - 该条用例通过
2021-09-10 18:33:18,798 - root - INFO - 该条用例通过
2021-09-10 18:33:18,963 - root - INFO - 该条用例通过
2021-09-10 18:33:19,131 - root - INFO - 该条用例通过
2021-09-10 18:33:19,342 - root - INFO - 该条用例通过
2021-09-10 18:33:19,578 - root - INFO - 该条用例通过
2021-09-10 18:33:19,806 - root - INFO - 该条用例通过
2021-09-10 18:33:19,996 - root - INFO - 该条用例通过
2021-09-10 18:33:20,183 - root - INFO - 该条用例通过
2021-09-10 18:33:20,367 - root - INFO - 该条用例通过
2021-09-10 18:33:20,538 - root - INFO - 该条用例通过
2021-09-10 18:33:20,736 - root - INFO - 该条用例通过
2021-09-10 18:33:20,967 - root - INFO - 该条用例通过
2021-09-10 18:33:21,145 - root - INFO - 该条用例通过
2021-09-10 18:33:21,322 - root - INFO - 该条用例通过
2021-09-10 18:33:21,505 - root - INFO - 该条用例通过
2021-09-10 18:33:21,710 - root - INFO - 该条用例通过
2021-09-10 18:33:21,936 - root - INFO - 该条用例通过
2021-09-10 18:33:22,165 - root - INFO - 该条用例通过
2021-09-10 18:33:22,342 - root - INFO - 该条用例通过
2021-09-10 18:33:22,533 - root - INFO - 该条用例通过
2021-09-10 18:33:22,730 - root - INFO - 该条用例通过
2021-09-10 18:33:22,944 - root - INFO - 该条用例通过
2021-09-10 18:33:23,148 - root - INFO - 该条用例通过
2021-09-10 18:33:23,355 - root - INFO - 该条用例通过
2021-09-10 18:33:23,542 - root - INFO - 该条用例通过
2021-09-10 18:33:23,729 - root - INFO - 该条用例通过
2021-09-10 18:33:23,920 - root - INFO - 该条用例通过
2021-09-10 18:33:24,163 - root - INFO - 该条用例通过
2021-09-10 18:33:24,371 - root - INFO - 该条用例通过
2021-09-10 18:33:24,568 - root - INFO - 该条用例通过
2021-09-10 18:33:24,756 - root - INFO - 该条用例通过
2021-09-10 18:33:24,934 - root - INFO - 该条用例通过
2021-09-10 18:33:25,122 - root - INFO - 该条用例通过
2021-09-10 18:33:25,322 - root - INFO - 该条用例未通过
2021-09-10 18:33:25,323 - root - INFO - 发送数据：
2021-09-10 18:33:25,323 - root - INFO - [
  {
    "code": "age",
    "value": "1"
  },
  {
    "code": "gender",
    "value": "M"
  },
  {
    "code": "guaranteePeriod",
    "value": "30"
  },
  {
    "code": "paymentPeriod",
    "value": "20"
  },
  {
    "code": "diePayMethod",
    "value": "913200"
  },
  {
    "code": "secondDiseases",
    "value": "1"
  },
  {
    "code": "guaranteeAmount",
    "value": "10"
  },
  {
    "code": "holderImmunity",
    "value": "1"
  },
  {
    "code": "holderGender",
    "value": "M"
  },
  {
    "code": "holderAge",
    "value": "19"
  }
]
